<?xml version="1.0" encoding="UTF-8"?>
<!-- Generated by org.testng.reporters.JUnitReportReporter -->
<testsuite hostname="lixionggang-PC" name="cn.crazy.appium.keyworddriver.TestSuiteByExcel" tests="1" failures="0" timestamp="23 Apr 2016 09:17:39 GMT" time="25.530" errors="0">
  <testcase name="testTestSuite" time="25.530" classname="cn.crazy.appium.keyworddriver.TestSuiteByExcel"/>
</testsuite> <!-- cn.crazy.appium.keyworddriver.TestSuiteByExcel -->
