<?xml version="1.0" encoding="UTF-8"?>
<!-- Generated by org.testng.reporters.JUnitReportReporter -->
<testsuite hostname="lixionggang-PC" name="cn.crazy.appium.network.study.Study" tests="2" failures="0" timestamp="14 Apr 2016 13:14:56 GMT" time="53.399" errors="0">
  <testcase name="login" time="26.184" classname="cn.crazy.appium.network.study.Study"/>
  <testcase name="login" time="27.215" classname="cn.crazy.appium.network.study.Study"/>
</testsuite> <!-- cn.crazy.appium.network.study.Study -->
